
<hierarchy index="0" class="hierarchy" rotation="0" width="1080" height="2129">
  <android.widget.FrameLayout index="0" package="com.google.android.permissioncontroller" class="android.widget.FrameLayout" text="" checkable="false" checked="false" clickable="false" enabled="true" focusable="false" focused="false" long-clickable="false" password="false" scrollable="false" selected="false" bounds="[0,814][1080,2129]" displayed="true">
    <android.widget.FrameLayout index="0" package="com.google.android.permissioncontroller" class="android.widget.FrameLayout" text="" checkable="false" checked="false" clickable="false" enabled="true" focusable="false" focused="false" long-clickable="false" password="false" scrollable="false" selected="false" bounds="[0,814][1080,2129]" displayed="true">
      <android.widget.FrameLayout index="0" package="com.google.android.permissioncontroller" class="android.widget.FrameLayout" text="" resource-id="android:id/content" checkable="false" checked="false" clickable="false" enabled="true" focusable="false" focused="false" long-clickable="false" password="false" scrollable="false" selected="false" bounds="[0,814][1080,2129]" displayed="true">
        <android.widget.ScrollView index="0" package="com.google.android.permissioncontroller" class="android.widget.ScrollView" text="" checkable="false" checked="false" clickable="false" enabled="true" focusable="true" focused="false" long-clickable="false" password="false" scrollable="false" selected="false" bounds="[0,814][1080,2129]" displayed="true">
          <android.widget.LinearLayout index="0" package="com.google.android.permissioncontroller" class="android.widget.LinearLayout" text="" resource-id="com.android.permissioncontroller:id/grant_singleton" checkable="false" checked="false" clickable="true" enabled="true" focusable="false" focused="false" long-clickable="false" password="false" scrollable="false" selected="false" bounds="[0,814][1080,2129]" displayed="true">
            <android.widget.LinearLayout index="0" package="com.google.android.permissioncontroller" class="android.widget.LinearLayout" text="" resource-id="com.android.permissioncontroller:id/grant_dialog" checkable="false" checked="false" clickable="true" enabled="true" focusable="true" focused="false" long-clickable="false" password="false" scrollable="false" selected="false" bounds="[0,814][1080,2129]" displayed="true">
              <android.widget.LinearLayout index="0" package="com.google.android.permissioncontroller" class="android.widget.LinearLayout" text="" resource-id="com.android.permissioncontroller:id/content_container" checkable="false" checked="false" clickable="false" enabled="true" focusable="false" focused="false" long-clickable="false" password="false" scrollable="false" selected="false" bounds="[28,859][1052,1202]" displayed="true">
                <android.widget.LinearLayout index="0" package="com.google.android.permissioncontroller" class="android.widget.LinearLayout" text="" checkable="false" checked="false" clickable="false" enabled="true" focusable="false" focused="false" long-clickable="false" password="false" scrollable="false" selected="false" bounds="[96,927][984,1202]" displayed="true">
                  <android.widget.ImageView index="0" package="com.google.android.permissioncontroller" class="android.widget.ImageView" text="" resource-id="com.android.permissioncontroller:id/permission_icon" checkable="false" checked="false" clickable="false" enabled="true" focusable="false" focused="false" long-clickable="false" password="false" scrollable="false" selected="false" bounds="[489,927][590,1028]" displayed="true" />
                  <android.widget.TextView index="1" package="com.google.android.permissioncontroller" class="android.widget.TextView" text="Allow M-TEZZ UAT to access this device’s location?" resource-id="com.android.permissioncontroller:id/permission_message" checkable="false" checked="false" clickable="false" enabled="true" focusable="false" focused="false" long-clickable="false" password="false" scrollable="false" selected="false" bounds="[96,1051][984,1157]" displayed="true" />
                </android.widget.LinearLayout>
              </android.widget.LinearLayout>
              <android.widget.LinearLayout index="1" package="com.google.android.permissioncontroller" class="android.widget.LinearLayout" text="" resource-id="com.android.permissioncontroller:id/permission_location_accuracy" checkable="false" checked="false" clickable="false" enabled="true" focusable="false" focused="false" long-clickable="false" password="false" scrollable="false" selected="false" bounds="[28,1202][1052,1711]" displayed="true">
                <android.widget.RadioGroup index="0" package="com.google.android.permissioncontroller" class="android.widget.RadioGroup" text="" resource-id="com.android.permissioncontroller:id/permission_location_accuracy_radio_group" checkable="false" checked="false" clickable="false" enabled="true" focusable="false" focused="false" long-clickable="false" password="false" scrollable="false" selected="false" bounds="[28,1202][1052,1643]" displayed="true">
                  <android.widget.RadioButton index="0" package="com.google.android.permissioncontroller" class="android.widget.RadioButton" text="Precise" resource-id="com.android.permissioncontroller:id/permission_location_accuracy_radio_fine" checkable="true" checked="true" clickable="true" enabled="true" focusable="true" focused="false" long-clickable="false" password="false" scrollable="false" selected="false" bounds="[130,1202][495,1643]" displayed="true" />
                  <android.widget.RadioButton index="1" package="com.google.android.permissioncontroller" class="android.widget.RadioButton" text="Approximate" resource-id="com.android.permissioncontroller:id/permission_location_accuracy_radio_coarse" checkable="true" checked="false" clickable="true" enabled="true" focusable="true" focused="false" long-clickable="false" password="false" scrollable="false" selected="false" bounds="[585,1202][950,1643]" displayed="true" />
                </android.widget.RadioGroup>
              </android.widget.LinearLayout>
              <android.widget.LinearLayout index="2" package="com.google.android.permissioncontroller" class="android.widget.LinearLayout" text="" checkable="false" checked="false" clickable="false" enabled="true" focusable="false" focused="false" long-clickable="false" password="false" scrollable="false" selected="false" bounds="[28,1711][1052,2129]" displayed="true">
                <android.widget.Button index="0" package="com.google.android.permissioncontroller" class="android.widget.Button" text="While using the app" resource-id="com.android.permissioncontroller:id/permission_allow_foreground_only_button" checkable="false" checked="false" clickable="true" enabled="true" focusable="true" focused="false" long-clickable="false" password="false" scrollable="false" selected="false" bounds="[67,1711][1013,1812]" displayed="true" />
                <android.widget.Button index="1" package="com.google.android.permissioncontroller" class="android.widget.Button" text="Only this time" resource-id="com.android.permissioncontroller:id/permission_allow_one_time_button" checkable="false" checked="false" clickable="true" enabled="true" focusable="true" focused="false" long-clickable="false" password="false" scrollable="false" selected="false" bounds="[67,1857][1013,1958]" displayed="true" />
                <android.widget.Button index="2" package="com.google.android.permissioncontroller" class="android.widget.Button" text="Don't allow" resource-id="com.android.permissioncontroller:id/permission_deny_button" checkable="false" checked="false" clickable="true" enabled="true" focusable="true" focused="false" long-clickable="false" password="false" scrollable="false" selected="false" bounds="[67,2003][1013,2104]" displayed="true" />
              </android.widget.LinearLayout>
            </android.widget.LinearLayout>
          </android.widget.LinearLayout>
        </android.widget.ScrollView>
      </android.widget.FrameLayout>
    </android.widget.FrameLayout>
  </android.widget.FrameLayout>